2011-08-26 22:15:18,247 [main] INFO  plugins.DefaultGrailsPluginManager  - Attempting to load [0] user defined plugins
2011-08-26 22:15:18,325 [main] INFO  plugins.DefaultGrailsPluginManager  - Grails plug-in [filters] with version [1.3.7] loaded successfully
2011-08-26 22:15:18,325 [main] INFO  plugins.DefaultGrailsPluginManager  - Grails plug-in [core] with version [1.3.7] loaded successfully
2011-08-26 22:15:18,338 [main] INFO  plugins.DefaultGrailsPluginManager  - Grails plug-in [dataSource] with version [1.3.7] loaded successfully
2011-08-26 22:15:18,339 [main] INFO  plugins.DefaultGrailsPluginManager  - Grails plug-in [logging] with version [1.3.7] loaded successfully
2011-08-26 22:15:18,339 [main] INFO  plugins.DefaultGrailsPluginManager  - Grails plug-in [i18n] with version [1.3.7] loaded successfully
2011-08-26 22:15:18,346 [main] INFO  plugins.DefaultGrailsPluginManager  - Grails plug-in [groovyPages] with version [1.3.7] loaded successfully
2011-08-26 22:15:18,347 [main] INFO  plugins.DefaultGrailsPluginManager  - Grails plug-in [codecs] with version [1.3.7] loaded successfully
2011-08-26 22:15:18,347 [main] INFO  plugins.DefaultGrailsPluginManager  - Grails plug-in [servlets] with version [1.3.7] loaded successfully
2011-08-26 22:15:18,350 [main] INFO  plugins.DefaultGrailsPluginManager  - Grails plug-in [tomcat] with version [1.3.7] loaded successfully
2011-08-26 22:15:18,351 [main] INFO  plugins.DefaultGrailsPluginManager  - Grails plug-in [urlMappings] with version [1.3.7] loaded successfully
2011-08-26 22:15:18,354 [main] INFO  plugins.DefaultGrailsPluginManager  - Grails plug-in [services] with version [1.3.7] loaded successfully
2011-08-26 22:15:18,355 [main] INFO  plugins.DefaultGrailsPluginManager  - Grails plug-in [controllers] with version [1.3.7] loaded successfully
2011-08-26 22:15:18,389 [main] INFO  plugins.DefaultGrailsPluginManager  - Grails plug-in [mimeTypes] with version [1.3.7] loaded successfully
2011-08-26 22:15:18,389 [main] INFO  plugins.DefaultGrailsPluginManager  - Grails plug-in [validation] with version [1.3.7] loaded successfully
2011-08-26 22:15:18,391 [main] INFO  plugins.DefaultGrailsPluginManager  - Grails plug-in [domainClass] with version [1.3.7] loaded successfully
2011-08-26 22:15:18,399 [main] INFO  plugins.DefaultGrailsPluginManager  - Grails plug-in [scaffolding] with version [1.3.7] loaded successfully
2011-08-26 22:15:18,399 [main] INFO  plugins.DefaultGrailsPluginManager  - Grails plug-in [mongodb] with version [1.0.0.M6.1] loaded successfully
2011-08-26 22:15:18,400 [main] INFO  plugins.DefaultGrailsPluginManager  - Grails plug-in [converters] with version [1.3.7] loaded successfully
2011-08-27 17:25:28,942 [main] INFO  plugins.DefaultGrailsPluginManager  - Attempting to load [0] user defined plugins
2011-08-27 17:25:29,049 [main] INFO  plugins.DefaultGrailsPluginManager  - Grails plug-in [i18n] with version [1.3.7] loaded successfully
2011-08-27 17:25:29,050 [main] INFO  plugins.DefaultGrailsPluginManager  - Grails plug-in [core] with version [1.3.7] loaded successfully
2011-08-27 17:25:29,050 [main] INFO  plugins.DefaultGrailsPluginManager  - Grails plug-in [logging] with version [1.3.7] loaded successfully
2011-08-27 17:25:29,063 [main] INFO  plugins.DefaultGrailsPluginManager  - Grails plug-in [urlMappings] with version [1.3.7] loaded successfully
2011-08-27 17:25:29,064 [main] INFO  plugins.DefaultGrailsPluginManager  - Grails plug-in [servlets] with version [1.3.7] loaded successfully
2011-08-27 17:25:29,065 [main] INFO  plugins.DefaultGrailsPluginManager  - Grails plug-in [dataSource] with version [1.3.7] loaded successfully
2011-08-27 17:25:29,093 [main] INFO  plugins.DefaultGrailsPluginManager  - Grails plug-in [filters] with version [1.3.7] loaded successfully
2011-08-27 17:25:29,094 [main] INFO  plugins.DefaultGrailsPluginManager  - Grails plug-in [groovyPages] with version [1.3.7] loaded successfully
2011-08-27 17:25:29,094 [main] INFO  plugins.DefaultGrailsPluginManager  - Grails plug-in [tomcat] with version [1.3.7] loaded successfully
2011-08-27 17:25:29,096 [main] INFO  plugins.DefaultGrailsPluginManager  - Grails plug-in [controllers] with version [1.3.7] loaded successfully
2011-08-27 17:25:29,098 [main] INFO  plugins.DefaultGrailsPluginManager  - Grails plug-in [mimeTypes] with version [1.3.7] loaded successfully
2011-08-27 17:25:29,099 [main] INFO  plugins.DefaultGrailsPluginManager  - Grails plug-in [codecs] with version [1.3.7] loaded successfully
2011-08-27 17:25:29,099 [main] INFO  plugins.DefaultGrailsPluginManager  - Grails plug-in [validation] with version [1.3.7] loaded successfully
2011-08-27 17:25:29,100 [main] INFO  plugins.DefaultGrailsPluginManager  - Grails plug-in [domainClass] with version [1.3.7] loaded successfully
2011-08-27 17:25:29,100 [main] INFO  plugins.DefaultGrailsPluginManager  - Grails plug-in [services] with version [1.3.7] loaded successfully
2011-08-27 17:25:29,100 [main] INFO  plugins.DefaultGrailsPluginManager  - Grails plug-in [scaffolding] with version [1.3.7] loaded successfully
2011-08-27 17:25:29,101 [main] INFO  plugins.DefaultGrailsPluginManager  - Grails plug-in [mongodb] with version [1.0.0.M6.1] loaded successfully
2011-08-27 17:25:29,101 [main] INFO  plugins.DefaultGrailsPluginManager  - Grails plug-in [converters] with version [1.3.7] loaded successfully
2011-08-27 20:50:15,286 [main] INFO  plugins.DefaultGrailsPluginManager  - Attempting to load [0] user defined plugins
2011-08-27 20:50:15,377 [main] INFO  plugins.DefaultGrailsPluginManager  - Grails plug-in [filters] with version [1.3.7] loaded successfully
2011-08-27 20:50:15,377 [main] INFO  plugins.DefaultGrailsPluginManager  - Grails plug-in [core] with version [1.3.7] loaded successfully
2011-08-27 20:50:15,420 [main] INFO  plugins.DefaultGrailsPluginManager  - Grails plug-in [servlets] with version [1.3.7] loaded successfully
2011-08-27 20:50:15,420 [main] INFO  plugins.DefaultGrailsPluginManager  - Grails plug-in [logging] with version [1.3.7] loaded successfully
2011-08-27 20:50:15,422 [main] INFO  plugins.DefaultGrailsPluginManager  - Grails plug-in [i18n] with version [1.3.7] loaded successfully
2011-08-27 20:50:15,423 [main] INFO  plugins.DefaultGrailsPluginManager  - Grails plug-in [dataSource] with version [1.3.7] loaded successfully
2011-08-27 20:50:15,424 [main] INFO  plugins.DefaultGrailsPluginManager  - Grails plug-in [tomcat] with version [1.3.7] loaded successfully
2011-08-27 20:50:15,425 [main] INFO  plugins.DefaultGrailsPluginManager  - Grails plug-in [urlMappings] with version [1.3.7] loaded successfully
2011-08-27 20:50:15,452 [main] INFO  plugins.DefaultGrailsPluginManager  - Grails plug-in [groovyPages] with version [1.3.7] loaded successfully
2011-08-27 20:50:15,453 [main] INFO  plugins.DefaultGrailsPluginManager  - Grails plug-in [codecs] with version [1.3.7] loaded successfully
2011-08-27 20:50:15,455 [main] INFO  plugins.DefaultGrailsPluginManager  - Grails plug-in [services] with version [1.3.7] loaded successfully
2011-08-27 20:50:15,465 [main] INFO  plugins.DefaultGrailsPluginManager  - Grails plug-in [controllers] with version [1.3.7] loaded successfully
2011-08-27 20:50:15,466 [main] INFO  plugins.DefaultGrailsPluginManager  - Grails plug-in [scaffolding] with version [1.3.7] loaded successfully
2011-08-27 20:50:15,466 [main] INFO  plugins.DefaultGrailsPluginManager  - Grails plug-in [validation] with version [1.3.7] loaded successfully
2011-08-27 20:50:15,467 [main] INFO  plugins.DefaultGrailsPluginManager  - Grails plug-in [domainClass] with version [1.3.7] loaded successfully
2011-08-27 20:50:15,468 [main] INFO  plugins.DefaultGrailsPluginManager  - Grails plug-in [converters] with version [1.3.7] loaded successfully
2011-08-27 20:50:15,469 [main] INFO  plugins.DefaultGrailsPluginManager  - Grails plug-in [mimeTypes] with version [1.3.7] loaded successfully
2011-08-27 20:50:15,469 [main] INFO  plugins.DefaultGrailsPluginManager  - Grails plug-in [mongodb] with version [1.0.0.M6.1] loaded successfully
2011-08-27 21:45:31,602 [main] INFO  plugins.DefaultGrailsPluginManager  - Attempting to load [0] user defined plugins
2011-08-27 21:45:31,781 [main] INFO  plugins.DefaultGrailsPluginManager  - Grails plug-in [i18n] with version [1.3.7] loaded successfully
2011-08-27 21:45:31,781 [main] INFO  plugins.DefaultGrailsPluginManager  - Grails plug-in [filters] with version [1.3.7] loaded successfully
2011-08-27 21:45:31,782 [main] INFO  plugins.DefaultGrailsPluginManager  - Grails plug-in [logging] with version [1.3.7] loaded successfully
2011-08-27 21:45:31,782 [main] INFO  plugins.DefaultGrailsPluginManager  - Grails plug-in [core] with version [1.3.7] loaded successfully
2011-08-27 21:45:31,796 [main] INFO  plugins.DefaultGrailsPluginManager  - Grails plug-in [tomcat] with version [1.3.7] loaded successfully
2011-08-27 21:45:31,797 [main] INFO  plugins.DefaultGrailsPluginManager  - Grails plug-in [urlMappings] with version [1.3.7] loaded successfully
2011-08-27 21:45:31,799 [main] INFO  plugins.DefaultGrailsPluginManager  - Grails plug-in [codecs] with version [1.3.7] loaded successfully
2011-08-27 21:45:31,800 [main] INFO  plugins.DefaultGrailsPluginManager  - Grails plug-in [servlets] with version [1.3.7] loaded successfully
2011-08-27 21:45:31,800 [main] INFO  plugins.DefaultGrailsPluginManager  - Grails plug-in [dataSource] with version [1.3.7] loaded successfully
2011-08-27 21:45:31,805 [main] INFO  plugins.DefaultGrailsPluginManager  - Grails plug-in [groovyPages] with version [1.3.7] loaded successfully
2011-08-27 21:45:31,807 [main] INFO  plugins.DefaultGrailsPluginManager  - Grails plug-in [controllers] with version [1.3.7] loaded successfully
2011-08-27 21:45:31,807 [main] INFO  plugins.DefaultGrailsPluginManager  - Grails plug-in [services] with version [1.3.7] loaded successfully
2011-08-27 21:45:31,808 [main] INFO  plugins.DefaultGrailsPluginManager  - Grails plug-in [scaffolding] with version [1.3.7] loaded successfully
2011-08-27 21:45:31,809 [main] INFO  plugins.DefaultGrailsPluginManager  - Grails plug-in [domainClass] with version [1.3.7] loaded successfully
2011-08-27 21:45:31,809 [main] INFO  plugins.DefaultGrailsPluginManager  - Grails plug-in [mongodb] with version [1.0.0.M6.1] loaded successfully
2011-08-27 21:45:31,810 [main] INFO  plugins.DefaultGrailsPluginManager  - Grails plug-in [converters] with version [1.3.7] loaded successfully
2011-08-27 21:45:31,810 [main] INFO  plugins.DefaultGrailsPluginManager  - Grails plug-in [validation] with version [1.3.7] loaded successfully
2011-08-27 21:45:31,811 [main] INFO  plugins.DefaultGrailsPluginManager  - Grails plug-in [mimeTypes] with version [1.3.7] loaded successfully
2011-09-07 19:30:59,617 [main] INFO  plugins.DefaultGrailsPluginManager  - Attempting to load [0] user defined plugins
2011-09-07 19:30:59,934 [main] INFO  plugins.DefaultGrailsPluginManager  - Grails plug-in [filters] with version [1.3.7] loaded successfully
2011-09-07 19:30:59,934 [main] INFO  plugins.DefaultGrailsPluginManager  - Grails plug-in [logging] with version [1.3.7] loaded successfully
2011-09-07 19:30:59,964 [main] INFO  plugins.DefaultGrailsPluginManager  - Grails plug-in [i18n] with version [1.3.7] loaded successfully
2011-09-07 19:30:59,992 [main] INFO  plugins.DefaultGrailsPluginManager  - Grails plug-in [core] with version [1.3.7] loaded successfully
2011-09-07 19:30:59,992 [main] INFO  plugins.DefaultGrailsPluginManager  - Grails plug-in [authentication] with version [2.0.1] loaded successfully
2011-09-07 19:30:59,992 [main] INFO  plugins.DefaultGrailsPluginManager  - Grails plug-in [mail] with version [1.0-SNAPSHOT] loaded successfully
2011-09-07 19:30:59,992 [main] INFO  plugins.DefaultGrailsPluginManager  - Grails plug-in [tomcat] with version [1.3.7] loaded successfully
2011-09-07 19:30:59,993 [main] INFO  plugins.DefaultGrailsPluginManager  - Grails plug-in [groovyPages] with version [1.3.7] loaded successfully
2011-09-07 19:30:59,994 [main] INFO  plugins.DefaultGrailsPluginManager  - Grails plug-in [codecs] with version [1.3.7] loaded successfully
2011-09-07 19:30:59,995 [main] INFO  plugins.DefaultGrailsPluginManager  - Grails plug-in [servlets] with version [1.3.7] loaded successfully
2011-09-07 19:30:59,997 [main] INFO  plugins.DefaultGrailsPluginManager  - Grails plug-in [dataSource] with version [1.3.7] loaded successfully
2011-09-07 19:30:59,999 [main] INFO  plugins.DefaultGrailsPluginManager  - Grails plug-in [urlMappings] with version [1.3.7] loaded successfully
2011-09-07 19:30:59,999 [main] INFO  plugins.DefaultGrailsPluginManager  - Grails plug-in [services] with version [1.3.7] loaded successfully
2011-09-07 19:31:00,002 [main] INFO  plugins.DefaultGrailsPluginManager  - Grails plug-in [controllers] with version [1.3.7] loaded successfully
2011-09-07 19:31:00,002 [main] INFO  plugins.DefaultGrailsPluginManager  - Grails plug-in [domainClass] with version [1.3.7] loaded successfully
2011-09-07 19:31:00,003 [main] INFO  plugins.DefaultGrailsPluginManager  - Grails plug-in [mimeTypes] with version [1.3.7] loaded successfully
2011-09-07 19:31:00,004 [main] INFO  plugins.DefaultGrailsPluginManager  - Grails plug-in [scaffolding] with version [1.3.7] loaded successfully
2011-09-07 19:31:00,005 [main] INFO  plugins.DefaultGrailsPluginManager  - Grails plug-in [converters] with version [1.3.7] loaded successfully
2011-09-07 19:31:00,005 [main] INFO  plugins.DefaultGrailsPluginManager  - Grails plug-in [mongodb] with version [1.0.0.M6.1] loaded successfully
2011-09-07 19:31:00,005 [main] INFO  plugins.DefaultGrailsPluginManager  - Grails plug-in [validation] with version [1.3.7] loaded successfully
2011-09-07 19:49:40,221 [main] INFO  plugins.DefaultGrailsPluginManager  - Attempting to load [0] user defined plugins
2011-09-07 19:49:40,526 [main] INFO  plugins.DefaultGrailsPluginManager  - Grails plug-in [filters] with version [1.3.7] loaded successfully
2011-09-07 19:49:40,526 [main] INFO  plugins.DefaultGrailsPluginManager  - Grails plug-in [core] with version [1.3.7] loaded successfully
2011-09-07 19:49:40,526 [main] INFO  plugins.DefaultGrailsPluginManager  - Grails plug-in [i18n] with version [1.3.7] loaded successfully
2011-09-07 19:49:40,543 [main] INFO  plugins.DefaultGrailsPluginManager  - Grails plug-in [groovyPages] with version [1.3.7] loaded successfully
2011-09-07 19:49:40,545 [main] INFO  plugins.DefaultGrailsPluginManager  - Grails plug-in [logging] with version [1.3.7] loaded successfully
2011-09-07 19:49:40,545 [main] INFO  plugins.DefaultGrailsPluginManager  - Grails plug-in [authentication] with version [2.0.1] loaded successfully
2011-09-07 19:49:40,545 [main] INFO  plugins.DefaultGrailsPluginManager  - Grails plug-in [mail] with version [1.0-SNAPSHOT] loaded successfully
2011-09-07 19:49:40,545 [main] INFO  plugins.DefaultGrailsPluginManager  - Grails plug-in [tomcat] with version [1.3.7] loaded successfully
2011-09-07 19:49:40,545 [main] INFO  plugins.DefaultGrailsPluginManager  - Grails plug-in [codecs] with version [1.3.7] loaded successfully
2011-09-07 19:49:40,547 [main] INFO  plugins.DefaultGrailsPluginManager  - Grails plug-in [dataSource] with version [1.3.7] loaded successfully
2011-09-07 19:49:40,548 [main] INFO  plugins.DefaultGrailsPluginManager  - Grails plug-in [urlMappings] with version [1.3.7] loaded successfully
2011-09-07 19:49:40,548 [main] INFO  plugins.DefaultGrailsPluginManager  - Grails plug-in [servlets] with version [1.3.7] loaded successfully
2011-09-07 19:49:40,564 [main] INFO  plugins.DefaultGrailsPluginManager  - Grails plug-in [controllers] with version [1.3.7] loaded successfully
2011-09-07 19:49:40,565 [main] INFO  plugins.DefaultGrailsPluginManager  - Grails plug-in [services] with version [1.3.7] loaded successfully
2011-09-07 19:49:40,566 [main] INFO  plugins.DefaultGrailsPluginManager  - Grails plug-in [domainClass] with version [1.3.7] loaded successfully
2011-09-07 19:49:40,596 [main] INFO  plugins.DefaultGrailsPluginManager  - Grails plug-in [validation] with version [1.3.7] loaded successfully
2011-09-07 19:49:40,597 [main] INFO  plugins.DefaultGrailsPluginManager  - Grails plug-in [scaffolding] with version [1.3.7] loaded successfully
2011-09-07 19:49:40,597 [main] INFO  plugins.DefaultGrailsPluginManager  - Grails plug-in [mongodb] with version [1.0.0.M6.1] loaded successfully
2011-09-07 19:49:40,598 [main] INFO  plugins.DefaultGrailsPluginManager  - Grails plug-in [mimeTypes] with version [1.3.7] loaded successfully
2011-09-07 19:49:40,599 [main] INFO  plugins.DefaultGrailsPluginManager  - Grails plug-in [converters] with version [1.3.7] loaded successfully
2011-09-07 20:48:59,052 [main] INFO  plugins.DefaultGrailsPluginManager  - Attempting to load [0] user defined plugins
2011-09-07 20:48:59,275 [main] INFO  plugins.DefaultGrailsPluginManager  - Grails plug-in [logging] with version [1.3.7] loaded successfully
2011-09-07 20:48:59,275 [main] INFO  plugins.DefaultGrailsPluginManager  - Grails plug-in [i18n] with version [1.3.7] loaded successfully
2011-09-07 20:48:59,275 [main] INFO  plugins.DefaultGrailsPluginManager  - Grails plug-in [filters] with version [1.3.7] loaded successfully
2011-09-07 20:48:59,275 [main] INFO  plugins.DefaultGrailsPluginManager  - Grails plug-in [core] with version [1.3.7] loaded successfully
2011-09-07 20:48:59,288 [main] INFO  plugins.DefaultGrailsPluginManager  - Grails plug-in [servlets] with version [1.3.7] loaded successfully
2011-09-07 20:48:59,288 [main] INFO  plugins.DefaultGrailsPluginManager  - Grails plug-in [authentication] with version [2.0.1] loaded successfully
2011-09-07 20:48:59,315 [main] INFO  plugins.DefaultGrailsPluginManager  - Grails plug-in [mail] with version [1.0-SNAPSHOT] loaded successfully
2011-09-07 20:48:59,315 [main] INFO  plugins.DefaultGrailsPluginManager  - Grails plug-in [tomcat] with version [1.3.7] loaded successfully
2011-09-07 20:48:59,317 [main] INFO  plugins.DefaultGrailsPluginManager  - Grails plug-in [dataSource] with version [1.3.7] loaded successfully
2011-09-07 20:48:59,317 [main] INFO  plugins.DefaultGrailsPluginManager  - Grails plug-in [services] with version [1.3.7] loaded successfully
2011-09-07 20:48:59,319 [main] INFO  plugins.DefaultGrailsPluginManager  - Grails plug-in [urlMappings] with version [1.3.7] loaded successfully
2011-09-07 20:48:59,320 [main] INFO  plugins.DefaultGrailsPluginManager  - Grails plug-in [codecs] with version [1.3.7] loaded successfully
2011-09-07 20:48:59,322 [main] INFO  plugins.DefaultGrailsPluginManager  - Grails plug-in [groovyPages] with version [1.3.7] loaded successfully
2011-09-07 20:48:59,326 [main] INFO  plugins.DefaultGrailsPluginManager  - Grails plug-in [controllers] with version [1.3.7] loaded successfully
2011-09-07 20:48:59,328 [main] INFO  plugins.DefaultGrailsPluginManager  - Grails plug-in [mimeTypes] with version [1.3.7] loaded successfully
2011-09-07 20:48:59,330 [main] INFO  plugins.DefaultGrailsPluginManager  - Grails plug-in [scaffolding] with version [1.3.7] loaded successfully
2011-09-07 20:48:59,330 [main] INFO  plugins.DefaultGrailsPluginManager  - Grails plug-in [domainClass] with version [1.3.7] loaded successfully
2011-09-07 20:48:59,330 [main] INFO  plugins.DefaultGrailsPluginManager  - Grails plug-in [validation] with version [1.3.7] loaded successfully
2011-09-07 20:48:59,331 [main] INFO  plugins.DefaultGrailsPluginManager  - Grails plug-in [converters] with version [1.3.7] loaded successfully
2011-09-07 20:48:59,331 [main] INFO  plugins.DefaultGrailsPluginManager  - Grails plug-in [mongodb] with version [1.0.0.M6.1] loaded successfully
2011-09-08 23:38:50,188 [main] INFO  plugins.DefaultGrailsPluginManager  - Attempting to load [0] user defined plugins
2011-09-08 23:38:50,404 [main] INFO  plugins.DefaultGrailsPluginManager  - Grails plug-in [filters] with version [1.3.7] loaded successfully
2011-09-08 23:38:50,404 [main] INFO  plugins.DefaultGrailsPluginManager  - Grails plug-in [i18n] with version [1.3.7] loaded successfully
2011-09-08 23:38:50,404 [main] INFO  plugins.DefaultGrailsPluginManager  - Grails plug-in [logging] with version [1.3.7] loaded successfully
2011-09-08 23:38:50,404 [main] INFO  plugins.DefaultGrailsPluginManager  - Grails plug-in [core] with version [1.3.7] loaded successfully
2011-09-08 23:38:50,426 [main] INFO  plugins.DefaultGrailsPluginManager  - Grails plug-in [dataSource] with version [1.3.7] loaded successfully
2011-09-08 23:38:50,426 [main] INFO  plugins.DefaultGrailsPluginManager  - Grails plug-in [authentication] with version [2.0.1] loaded successfully
2011-09-08 23:38:50,427 [main] INFO  plugins.DefaultGrailsPluginManager  - Grails plug-in [mail] with version [1.0-SNAPSHOT] loaded successfully
2011-09-08 23:38:50,427 [main] INFO  plugins.DefaultGrailsPluginManager  - Grails plug-in [tomcat] with version [1.3.7] loaded successfully
2011-09-08 23:38:50,428 [main] INFO  plugins.DefaultGrailsPluginManager  - Grails plug-in [codecs] with version [1.3.7] loaded successfully
2011-09-08 23:38:50,429 [main] INFO  plugins.DefaultGrailsPluginManager  - Grails plug-in [urlMappings] with version [1.3.7] loaded successfully
2011-09-08 23:38:50,432 [main] INFO  plugins.DefaultGrailsPluginManager  - Grails plug-in [controllers] with version [1.3.7] loaded successfully
2011-09-08 23:38:50,433 [main] INFO  plugins.DefaultGrailsPluginManager  - Grails plug-in [servlets] with version [1.3.7] loaded successfully
2011-09-08 23:38:50,436 [main] INFO  plugins.DefaultGrailsPluginManager  - Grails plug-in [groovyPages] with version [1.3.7] loaded successfully
2011-09-08 23:38:50,437 [main] INFO  plugins.DefaultGrailsPluginManager  - Grails plug-in [domainClass] with version [1.3.7] loaded successfully
2011-09-08 23:38:50,437 [main] INFO  plugins.DefaultGrailsPluginManager  - Grails plug-in [services] with version [1.3.7] loaded successfully
2011-09-08 23:38:50,438 [main] INFO  plugins.DefaultGrailsPluginManager  - Grails plug-in [converters] with version [1.3.7] loaded successfully
2011-09-08 23:38:50,438 [main] INFO  plugins.DefaultGrailsPluginManager  - Grails plug-in [mongodb] with version [1.0.0.M6.1] loaded successfully
2011-09-08 23:38:50,439 [main] INFO  plugins.DefaultGrailsPluginManager  - Grails plug-in [mimeTypes] with version [1.3.7] loaded successfully
2011-09-08 23:38:50,439 [main] INFO  plugins.DefaultGrailsPluginManager  - Grails plug-in [validation] with version [1.3.7] loaded successfully
2011-09-08 23:38:50,440 [main] INFO  plugins.DefaultGrailsPluginManager  - Grails plug-in [scaffolding] with version [1.3.7] loaded successfully
2011-09-11 15:46:07,534 [main] INFO  plugins.DefaultGrailsPluginManager  - Attempting to load [0] user defined plugins
2011-09-11 15:46:07,764 [main] INFO  plugins.DefaultGrailsPluginManager  - Grails plug-in [i18n] with version [1.3.7] loaded successfully
2011-09-11 15:46:07,765 [main] INFO  plugins.DefaultGrailsPluginManager  - Grails plug-in [core] with version [1.3.7] loaded successfully
2011-09-11 15:46:07,780 [main] INFO  plugins.DefaultGrailsPluginManager  - Grails plug-in [filters] with version [1.3.7] loaded successfully
2011-09-11 15:46:07,781 [main] INFO  plugins.DefaultGrailsPluginManager  - Grails plug-in [logging] with version [1.3.7] loaded successfully
2011-09-11 15:46:07,782 [main] INFO  plugins.DefaultGrailsPluginManager  - Grails plug-in [codecs] with version [1.3.7] loaded successfully
2011-09-11 15:46:07,782 [main] INFO  plugins.DefaultGrailsPluginManager  - Grails plug-in [authentication] with version [2.0.1] loaded successfully
2011-09-11 15:46:07,782 [main] INFO  plugins.DefaultGrailsPluginManager  - Grails plug-in [mail] with version [1.0-SNAPSHOT] loaded successfully
2011-09-11 15:46:07,782 [main] INFO  plugins.DefaultGrailsPluginManager  - Grails plug-in [tomcat] with version [1.3.7] loaded successfully
2011-09-11 15:46:07,783 [main] INFO  plugins.DefaultGrailsPluginManager  - Grails plug-in [urlMappings] with version [1.3.7] loaded successfully
2011-09-11 15:46:07,783 [main] INFO  plugins.DefaultGrailsPluginManager  - Grails plug-in [servlets] with version [1.3.7] loaded successfully
2011-09-11 15:46:07,784 [main] INFO  plugins.DefaultGrailsPluginManager  - Grails plug-in [dataSource] with version [1.3.7] loaded successfully
2011-09-11 15:46:07,784 [main] INFO  plugins.DefaultGrailsPluginManager  - Grails plug-in [services] with version [1.3.7] loaded successfully
2011-09-11 15:46:07,788 [main] INFO  plugins.DefaultGrailsPluginManager  - Grails plug-in [groovyPages] with version [1.3.7] loaded successfully
2011-09-11 15:46:07,789 [main] INFO  plugins.DefaultGrailsPluginManager  - Grails plug-in [controllers] with version [1.3.7] loaded successfully
2011-09-11 15:46:07,790 [main] INFO  plugins.DefaultGrailsPluginManager  - Grails plug-in [scaffolding] with version [1.3.7] loaded successfully
2011-09-11 15:46:07,791 [main] INFO  plugins.DefaultGrailsPluginManager  - Grails plug-in [domainClass] with version [1.3.7] loaded successfully
2011-09-11 15:46:07,792 [main] INFO  plugins.DefaultGrailsPluginManager  - Grails plug-in [converters] with version [1.3.7] loaded successfully
2011-09-11 15:46:07,792 [main] INFO  plugins.DefaultGrailsPluginManager  - Grails plug-in [mongodb] with version [1.0.0.M6.1] loaded successfully
2011-09-11 15:46:07,793 [main] INFO  plugins.DefaultGrailsPluginManager  - Grails plug-in [mimeTypes] with version [1.3.7] loaded successfully
2011-09-11 15:46:07,793 [main] INFO  plugins.DefaultGrailsPluginManager  - Grails plug-in [validation] with version [1.3.7] loaded successfully
